draw/build/intermediates/manifest_merge_blame_file/debug/manifest-merger-blame-debug-report.txt
1<?xml version="1.0" encoding="utf-8"?>
2<manifest xmlns:android="http://schemas.android.com/apk/res/android"
3    package="com.divyanshu.draw"
4    android:versionCode="1"
5    android:versionName="1.0" >
6
7    <uses-sdk
8        android:minSdkVersion="19"
8-->src\main\AndroidManifest.xml
9        android:targetSdkVersion="28" />
9-->src\main\AndroidManifest.xml
10
11    <application>
11-->src\main\AndroidManifest.xml:5:5-9:19
12        <activity
12-->src\main\AndroidManifest.xml:6:9-8:65
13            android:name="com.divyanshu.draw.activity.DrawingActivity"
13-->src\main\AndroidManifest.xml:7:13-53
14            android:theme="@style/Theme.AppCompat.NoActionBar" />
14-->src\main\AndroidManifest.xml:8:13-63
15    </application>
16
17</manifest>